<?xml version="1.0" encoding="UTF-8"?>
<testsuite xmlns:xsi="http://www.w3.org/2001/XMLSchema-instance" xsi:noNamespaceSchemaLocation="https://maven.apache.org/surefire/maven-surefire-plugin/xsd/surefire-test-report-3.0.xsd" version="3.0" name="AppTest" time="181.679" tests="21" errors="0" skipped="0" failures="0">
  <properties>
    <property name="jpda.address" value="54752"/>
    <property name="java.specification.version" value="17"/>
    <property name="sun.cpu.isalist" value="amd64"/>
    <property name="sun.jnu.encoding" value="Cp1252"/>
    <property name="java.class.path" value="C:\Users\Luis Fernando\Testes\analise-valor-limite\target\test-classes;C:\Users\Luis Fernando\Testes\analise-valor-limite\target\classes;C:\Users\Luis Fernando\Testes\analise-valor-limite\lib\Luis.jar;C:\Users\Luis Fernando\.m2\repository\junit\junit\4.13.2\junit-4.13.2.jar;C:\Users\Luis Fernando\.m2\repository\org\hamcrest\hamcrest-core\1.3\hamcrest-core-1.3.jar;"/>
    <property name="java.vm.vendor" value="Oracle Corporation"/>
    <property name="sun.arch.data.model" value="64"/>
    <property name="user.variant" value=""/>
    <property name="java.vendor.url" value="https://java.oracle.com/"/>
    <property name="user.timezone" value="America/Sao_Paulo"/>
    <property name="forkMode" value="once"/>
    <property name="os.name" value="Windows 11"/>
    <property name="java.vm.specification.version" value="17"/>
    <property name="user.country" value="BR"/>
    <property name="sun.java.launcher" value="SUN_STANDARD"/>
    <property name="sun.boot.library.path" value="C:\Program Files\Java\jdk-17\bin"/>
    <property name="sun.java.command" value="C:\Users\Luis Fernando\AppData\Local\Temp\surefire4742347633065092583\surefirebooter-20240825175713512_3.jar C:\Users\Luis Fernando\AppData\Local\Temp\surefire4742347633065092583 2024-08-25T17-57-13_400-jvmRun1 surefire-20240825175713512_1tmp surefire_0-20240825175713512_2tmp"/>
    <property name="jdk.debug" value="release"/>
    <property name="test" value="AppTest"/>
    <property name="surefire.test.class.path" value="C:\Users\Luis Fernando\Testes\analise-valor-limite\target\test-classes;C:\Users\Luis Fernando\Testes\analise-valor-limite\target\classes;C:\Users\Luis Fernando\Testes\analise-valor-limite\lib\Luis.jar;C:\Users\Luis Fernando\.m2\repository\junit\junit\4.13.2\junit-4.13.2.jar;C:\Users\Luis Fernando\.m2\repository\org\hamcrest\hamcrest-core\1.3\hamcrest-core-1.3.jar;"/>
    <property name="sun.cpu.endian" value="little"/>
    <property name="user.home" value="C:\Users\Luis Fernando"/>
    <property name="user.language" value="pt"/>
    <property name="java.specification.vendor" value="Oracle Corporation"/>
    <property name="java.version.date" value="2024-07-16"/>
    <property name="java.home" value="C:\Program Files\Java\jdk-17"/>
    <property name="file.separator" value="\"/>
    <property name="basedir" value="C:\Users\Luis Fernando\Testes\analise-valor-limite"/>
    <property name="java.vm.compressedOopsMode" value="Zero based"/>
    <property name="line.separator" value="&#10;"/>
    <property name="java.vm.specification.vendor" value="Oracle Corporation"/>
    <property name="java.specification.name" value="Java Platform API Specification"/>
    <property name="surefire.real.class.path" value="C:\Users\Luis Fernando\AppData\Local\Temp\surefire4742347633065092583\surefirebooter-20240825175713512_3.jar"/>
    <property name="user.script" value=""/>
    <property name="sun.management.compiler" value="HotSpot 64-Bit Tiered Compilers"/>
    <property name="java.runtime.version" value="17.0.12+8-LTS-286"/>
    <property name="user.name" value="Luis Fernando"/>
    <property name="path.separator" value=";"/>
    <property name="os.version" value="10.0"/>
    <property name="java.runtime.name" value="Java(TM) SE Runtime Environment"/>
    <property name="file.encoding" value="Cp1252"/>
    <property name="java.vm.name" value="Java HotSpot(TM) 64-Bit Server VM"/>
    <property name="jpda.listen" value="true"/>
    <property name="maven.ext.class.path" value="C:\Users\Luis Fernando\.vscode\extensions\oracle.oracle-java-22.1.1\nbcode\java\maven-nblib\netbeans-eventspy.jar"/>
    <property name="localRepository" value="C:\Users\Luis Fernando\.m2\repository"/>
    <property name="java.vendor.url.bug" value="https://bugreport.java.com/bugreport/"/>
    <property name="java.io.tmpdir" value="C:\Users\LUISFE~1\AppData\Local\Temp\"/>
    <property name="java.version" value="17.0.12"/>
    <property name="user.dir" value="C:\Users\Luis Fernando\Testes\analise-valor-limite"/>
    <property name="os.arch" value="amd64"/>
    <property name="java.vm.specification.name" value="Java Virtual Machine Specification"/>
    <property name="sun.os.patch.level" value=""/>
    <property name="native.encoding" value="Cp1252"/>
    <property name="java.library.path" value="C:\Program Files\Java\jdk-17\bin;C:\Windows\Sun\Java\bin;C:\Windows\system32;C:\Windows;C:\Program Files\Common Files\Oracle\Java\javapath;C:\Windows\system32;C:\Windows;C:\Windows\System32\Wbem;C:\Windows\System32\WindowsPowerShell\v1.0\;C:\Windows\System32\OpenSSH\;C:\Program Files\NVIDIA Corporation\NVIDIA NvDLISR;C:\Program Files (x86)\NVIDIA Corporation\PhysX\Common;C:\Program Files\Git\cmd;C:\Program Files\nodejs\;C:\Program Files (x86)\ZeroTier\One\;C:\apache-maven-3.9.9\bin;C:\Users\Luis Fernando\AppData\Local\Programs\Python\Python312\Scripts\;C:\Users\Luis Fernando\AppData\Local\Programs\Python\Python312\;C:\Users\Luis Fernando\AppData\Local\Programs\Python\Launcher\;C:\Users\Luis Fernando\AppData\Local\Microsoft\WindowsApps;C:\Users\Luis Fernando\AppData\Local\Programs\Microsoft VS Code\bin;C:\Users\Luis Fernando\AppData\Roaming\npm;C:\Program Files\JetBrains\JetBrains Rider 2024.1.4\bin;;C:\Users\Luis Fernando\.dotnet\tools;C:\Program Files\sqlite;C:\apache-maven-3.9.9;;."/>
    <property name="java.vm.info" value="mixed mode, sharing"/>
    <property name="java.vendor" value="Oracle Corporation"/>
    <property name="java.vm.version" value="17.0.12+8-LTS-286"/>
    <property name="sun.io.unicode.encoding" value="UnicodeLittle"/>
    <property name="java.class.version" value="61.0"/>
    <property name="maven.surefire.debug" value="-agentlib:jdwp=transport=dt_socket,server=n,address=54752"/>
  </properties>
  <testcase name="TestCashbackLimiteDeCimaDe100a500Ouro" classname="AppTest" time="176.945"/>
  <testcase name="TestCashbackLimiteSuperiorAte100Bronze" classname="AppTest" time="0.199"/>
  <testcase name="TestCashbackLimiteSuperiorAcimaDe500Prata" classname="AppTest" time="0.563"/>
  <testcase name="TestCashbackLimiteInferiorAte100Prata" classname="AppTest" time="0.0"/>
  <testcase name="TestCashbackLimiteSuperiorDeBaixoDe100a500Bronze" classname="AppTest" time="0.434"/>
  <testcase name="TestCashbackLimiteDeCimaDe100a500Prata" classname="AppTest" time="0.0"/>
  <testcase name="TestCashbackLimiteInferiorDeCimaDe100a500Bronze" classname="AppTest" time="0.254"/>
  <testcase name="TestCashbackLimiteDeCimaDe100a500Bronze" classname="AppTest" time="0.217"/>
  <testcase name="TestCashbackLimiteSuperiorAte100Ouro" classname="AppTest" time="0.19"/>
  <testcase name="TestCashbackLimiteAte100Ouro" classname="AppTest" time="0.19"/>
  <testcase name="TestCashbackLimiteAte100Prata" classname="AppTest" time="0.191"/>
  <testcase name="TestCashbackLimiteSuperiorAcimaDe500Ouro" classname="AppTest" time="0.249"/>
  <testcase name="TestCashbackLimiteInferiorDeCimaDe100a500Prata" classname="AppTest" time="0.508"/>
  <testcase name="TestCashbackLimiteAte100Bronze" classname="AppTest" time="0.234"/>
  <testcase name="TestCashbackLimiteInferiorAte100Ouro" classname="AppTest" time="0.233"/>
  <testcase name="TestCashbackLimiteSuperiorAte100Prata" classname="AppTest" time="0.267"/>
  <testcase name="TestCashbackLimiteSuperiorDeBaixoDe100a500Ouro" classname="AppTest" time="0.241"/>
  <testcase name="TestCashbackLimiteInferiorAte100Bronze" classname="AppTest" time="0.0"/>
  <testcase name="TestCashbackLimiteSuperiorAcimaDe500Bronze" classname="AppTest" time="0.246"/>
  <testcase name="TestCashbackLimiteSuperiorDeBaixoDe100a500Prata" classname="AppTest" time="0.229"/>
  <testcase name="TestCashbackLimiteInferiorDeCimaDe100a500Ouro" classname="AppTest" time="0.238"/>
</testsuite>